[01m[K/home/mechax/ws_y/rm_ws/src/mechax_rm_cv/src/rm_auto_aim/armor_tracker/src/tracker_node.cpp:[m[K In member function â€˜[01m[Kvoid rm_auto_aim::ArmorTrackerNode::armorsCallback(auto_aim_interfaces::msg::Armors_<std::allocator<void> >::SharedPtr)[m[Kâ€™:
[01m[K/home/mechax/ws_y/rm_ws/src/mechax_rm_cv/src/rm_auto_aim/armor_tracker/src/tracker_node.cpp:263:20:[m[K [01;31m[Kerror: [m[Kexpected initializer before â€˜[01m[K+=[m[Kâ€™ token
  263 |      float tar_yaw [01;31m[K+=[m[K state(7) * timeDelay;
      |                    [01;31m[K^~[m[K
[01m[K/home/mechax/ws_y/rm_ws/src/mechax_rm_cv/src/rm_auto_aim/armor_tracker/src/tracker_node.cpp:265:27:[m[K [01;31m[Kerror: [m[Kâ€˜[01m[Ktar_yaw[m[Kâ€™ was not declared in this scope; did you mean â€˜[01m[Kr_yaw[m[Kâ€™?
  265 |           float tmp_yaw = [01;31m[Ktar_yaw[m[K + i * M_PI/2.0;
      |                           [01;31m[K^~~~~~~[m[K
      |                           [32m[Kr_yaw[m[K
[01m[K/home/mechax/ws_y/rm_ws/src/mechax_rm_cv/src/rm_auto_aim/armor_tracker/src/tracker_node.cpp:262:12:[m[K [01;31m[Kerror: [m[Kunused variable â€˜[01m[KtimeDelay[m[Kâ€™ [[01;31m[K]8;;https://gcc.gnu.org/onlinedocs/gcc/Warning-Options.html#index-Wunused-variable-Werror=unused-variable]8;;[m[K]
  262 |      float [01;31m[KtimeDelay[m[K = 2.1;
      |            [01;31m[K^~~~~~~~~[m[K
cc1plus: all warnings being treated as errors
gmake[2]: *** [CMakeFiles/armor_tracker.dir/build.make:104: CMakeFiles/armor_tracker.dir/src/tracker_node.cpp.o] Error 1
gmake[1]: *** [CMakeFiles/Makefile2:139: CMakeFiles/armor_tracker.dir/all] Error 2
gmake: *** [Makefile:146: all] Error 2
